<?xml version="1.0" encoding="UTF-8"?>
<testng-results ignored="0" total="9" passed="8" failed="1" skipped="0">
  <reporter-output>
  </reporter-output>
  <suite started-at="2022-11-22T16:23:04 IST" name="SampleJavaProject" finished-at="2022-11-22T16:25:30 IST" duration-ms="145999">
    <groups>
    </groups>
    <test started-at="2022-11-22T16:23:04 IST" name="Firefox Test" finished-at="2022-11-22T16:25:01 IST" duration-ms="116401">
      <class name="com.questyAutomation.testcases.Sampletest2">
        <test-method is-config="true" signature="setUp(java.lang.String,java.lang.String,java.lang.String)[pri:0, instance:com.questyAutomation.testcases.Sampletest2@411f53a0]" started-at="2022-11-22T16:23:05 IST" name="setUp" finished-at="2022-11-22T16:23:17 IST" duration-ms="12171" status="PASS">
          <params>
            <param index="0">
              <value>
                <![CDATA[firefox]]>
              </value>
            </param>
            <param index="1">
              <value>
                <![CDATA[104.0]]>
              </value>
            </param>
            <param index="2">
              <value>
                <![CDATA[WIN10]]>
              </value>
            </param>
          </params>
          <reporter-output>
          </reporter-output>
        </test-method> <!-- setUp -->
        <test-method signature="test()[pri:0, instance:com.questyAutomation.testcases.Sampletest2@411f53a0]" started-at="2022-11-22T16:23:17 IST" name="test" finished-at="2022-11-22T16:23:24 IST" duration-ms="7286" status="PASS">
          <reporter-output>
          </reporter-output>
        </test-method> <!-- test -->
        <test-method is-config="true" signature="tearDown()[pri:0, instance:com.questyAutomation.testcases.Sampletest2@411f53a0]" started-at="2022-11-22T16:23:24 IST" name="tearDown" finished-at="2022-11-22T16:23:25 IST" duration-ms="1522" status="PASS">
          <reporter-output>
          </reporter-output>
        </test-method> <!-- tearDown -->
        <test-method is-config="true" signature="setUp(java.lang.String,java.lang.String,java.lang.String)[pri:0, instance:com.questyAutomation.testcases.Sampletest2@411f53a0]" started-at="2022-11-22T16:23:25 IST" name="setUp" finished-at="2022-11-22T16:23:54 IST" duration-ms="28068" status="PASS">
          <params>
            <param index="0">
              <value>
                <![CDATA[firefox]]>
              </value>
            </param>
            <param index="1">
              <value>
                <![CDATA[104.0]]>
              </value>
            </param>
            <param index="2">
              <value>
                <![CDATA[WIN10]]>
              </value>
            </param>
          </params>
          <reporter-output>
          </reporter-output>
        </test-method> <!-- setUp -->
        <test-method signature="test2()[pri:0, instance:com.questyAutomation.testcases.Sampletest2@411f53a0]" started-at="2022-11-22T16:23:54 IST" name="test2" finished-at="2022-11-22T16:24:16 IST" duration-ms="21992" status="PASS">
          <reporter-output>
          </reporter-output>
        </test-method> <!-- test2 -->
        <test-method is-config="true" signature="tearDown()[pri:0, instance:com.questyAutomation.testcases.Sampletest2@411f53a0]" started-at="2022-11-22T16:24:16 IST" name="tearDown" finished-at="2022-11-22T16:24:17 IST" duration-ms="965" status="PASS">
          <reporter-output>
          </reporter-output>
        </test-method> <!-- tearDown -->
        <test-method is-config="true" signature="setUp(java.lang.String,java.lang.String,java.lang.String)[pri:0, instance:com.questyAutomation.testcases.Sampletest2@411f53a0]" started-at="2022-11-22T16:24:17 IST" name="setUp" finished-at="2022-11-22T16:24:43 IST" duration-ms="26402" status="PASS">
          <params>
            <param index="0">
              <value>
                <![CDATA[firefox]]>
              </value>
            </param>
            <param index="1">
              <value>
                <![CDATA[104.0]]>
              </value>
            </param>
            <param index="2">
              <value>
                <![CDATA[WIN10]]>
              </value>
            </param>
          </params>
          <reporter-output>
          </reporter-output>
        </test-method> <!-- setUp -->
        <test-method signature="test3()[pri:0, instance:com.questyAutomation.testcases.Sampletest2@411f53a0]" started-at="2022-11-22T16:24:43 IST" name="test3" finished-at="2022-11-22T16:25:00 IST" duration-ms="16962" status="PASS">
          <reporter-output>
          </reporter-output>
        </test-method> <!-- test3 -->
        <test-method is-config="true" signature="tearDown()[pri:0, instance:com.questyAutomation.testcases.Sampletest2@411f53a0]" started-at="2022-11-22T16:25:00 IST" name="tearDown" finished-at="2022-11-22T16:25:01 IST" duration-ms="985" status="PASS">
          <reporter-output>
          </reporter-output>
        </test-method> <!-- tearDown -->
      </class> <!-- com.questyAutomation.testcases.Sampletest2 -->
    </test> <!-- Firefox Test -->
    <test started-at="2022-11-22T16:23:04 IST" name="IE Test" finished-at="2022-11-22T16:25:04 IST" duration-ms="119174">
      <class name="com.questyAutomation.testcases.Sampletest2">
        <test-method is-config="true" signature="setUp(java.lang.String,java.lang.String,java.lang.String)[pri:0, instance:com.questyAutomation.testcases.Sampletest2@3754a4bf]" started-at="2022-11-22T16:23:05 IST" name="setUp" finished-at="2022-11-22T16:23:14 IST" duration-ms="9087" status="PASS">
          <params>
            <param index="0">
              <value>
                <![CDATA[ie]]>
              </value>
            </param>
            <param index="1">
              <value>
                <![CDATA[11.0]]>
              </value>
            </param>
            <param index="2">
              <value>
                <![CDATA[WIN10]]>
              </value>
            </param>
          </params>
          <reporter-output>
          </reporter-output>
        </test-method> <!-- setUp -->
        <test-method signature="test()[pri:0, instance:com.questyAutomation.testcases.Sampletest2@3754a4bf]" started-at="2022-11-22T16:23:14 IST" name="test" finished-at="2022-11-22T16:23:23 IST" duration-ms="9883" status="PASS">
          <reporter-output>
          </reporter-output>
        </test-method> <!-- test -->
        <test-method is-config="true" signature="tearDown()[pri:0, instance:com.questyAutomation.testcases.Sampletest2@3754a4bf]" started-at="2022-11-22T16:23:23 IST" name="tearDown" finished-at="2022-11-22T16:23:24 IST" duration-ms="308" status="PASS">
          <reporter-output>
          </reporter-output>
        </test-method> <!-- tearDown -->
        <test-method is-config="true" signature="setUp(java.lang.String,java.lang.String,java.lang.String)[pri:0, instance:com.questyAutomation.testcases.Sampletest2@3754a4bf]" started-at="2022-11-22T16:23:24 IST" name="setUp" finished-at="2022-11-22T16:23:31 IST" duration-ms="7228" status="PASS">
          <params>
            <param index="0">
              <value>
                <![CDATA[ie]]>
              </value>
            </param>
            <param index="1">
              <value>
                <![CDATA[11.0]]>
              </value>
            </param>
            <param index="2">
              <value>
                <![CDATA[WIN10]]>
              </value>
            </param>
          </params>
          <reporter-output>
          </reporter-output>
        </test-method> <!-- setUp -->
        <test-method signature="test2()[pri:0, instance:com.questyAutomation.testcases.Sampletest2@3754a4bf]" started-at="2022-11-22T16:23:31 IST" name="test2" finished-at="2022-11-22T16:23:56 IST" duration-ms="25149" status="FAIL">
          <exception class="java.lang.AssertionError">
            <message>
              <![CDATA[expected [95] but found [96]]]>
            </message>
            <full-stacktrace>
              <![CDATA[java.lang.AssertionError: expected [95] but found [96]
at org.testng.Assert.fail(Assert.java:99)
at org.testng.Assert.failNotEquals(Assert.java:1037)
at org.testng.Assert.assertEqualsImpl(Assert.java:140)
at org.testng.Assert.assertEquals(Assert.java:122)
at org.testng.Assert.assertEquals(Assert.java:629)
at org.testng.Assert.assertEquals(Assert.java:639)
at com.questyAutomation.testcases.Sampletest2.test2(Sampletest2.java:120)
at java.base/jdk.internal.reflect.DirectMethodHandleAccessor.invoke(DirectMethodHandleAccessor.java:104)
at java.base/java.lang.reflect.Method.invoke(Method.java:577)
at org.testng.internal.MethodInvocationHelper.invokeMethod(MethodInvocationHelper.java:133)
at org.testng.internal.TestInvoker.invokeMethod(TestInvoker.java:598)
at org.testng.internal.TestInvoker.invokeTestMethod(TestInvoker.java:173)
at org.testng.internal.MethodRunner.runInSequence(MethodRunner.java:46)
at org.testng.internal.TestInvoker$MethodInvocationAgent.invoke(TestInvoker.java:824)
at org.testng.internal.TestInvoker.invokeTestMethods(TestInvoker.java:146)
at org.testng.internal.TestMethodWorker.invokeTestMethods(TestMethodWorker.java:146)
at org.testng.internal.TestMethodWorker.run(TestMethodWorker.java:128)
at java.base/java.util.ArrayList.forEach(ArrayList.java:1511)
at org.testng.TestRunner.privateRun(TestRunner.java:794)
at org.testng.TestRunner.run(TestRunner.java:596)
at org.testng.SuiteRunner.runTest(SuiteRunner.java:377)
at org.testng.SuiteRunner.access$000(SuiteRunner.java:28)
at org.testng.SuiteRunner$SuiteWorker.run(SuiteRunner.java:418)
at org.testng.internal.thread.ThreadUtil.lambda$execute$0(ThreadUtil.java:64)
at java.base/java.util.concurrent.FutureTask.run(FutureTask.java:264)
at java.base/java.util.concurrent.ThreadPoolExecutor.runWorker(ThreadPoolExecutor.java:1136)
at java.base/java.util.concurrent.ThreadPoolExecutor$Worker.run(ThreadPoolExecutor.java:635)
at java.base/java.lang.Thread.run(Thread.java:833)
]]>
            </full-stacktrace>
          </exception> <!-- java.lang.AssertionError -->
          <reporter-output>
          </reporter-output>
        </test-method> <!-- test2 -->
        <test-method is-config="true" signature="tearDown()[pri:0, instance:com.questyAutomation.testcases.Sampletest2@3754a4bf]" started-at="2022-11-22T16:23:56 IST" name="tearDown" finished-at="2022-11-22T16:23:56 IST" duration-ms="289" status="PASS">
          <reporter-output>
          </reporter-output>
        </test-method> <!-- tearDown -->
        <test-method is-config="true" signature="setUp(java.lang.String,java.lang.String,java.lang.String)[pri:0, instance:com.questyAutomation.testcases.Sampletest2@3754a4bf]" started-at="2022-11-22T16:23:56 IST" name="setUp" finished-at="2022-11-22T16:24:34 IST" duration-ms="38006" status="PASS">
          <params>
            <param index="0">
              <value>
                <![CDATA[ie]]>
              </value>
            </param>
            <param index="1">
              <value>
                <![CDATA[11.0]]>
              </value>
            </param>
            <param index="2">
              <value>
                <![CDATA[WIN10]]>
              </value>
            </param>
          </params>
          <reporter-output>
          </reporter-output>
        </test-method> <!-- setUp -->
        <test-method signature="test3()[pri:0, instance:com.questyAutomation.testcases.Sampletest2@3754a4bf]" started-at="2022-11-22T16:24:34 IST" name="test3" finished-at="2022-11-22T16:25:03 IST" duration-ms="28864" status="PASS">
          <reporter-output>
          </reporter-output>
        </test-method> <!-- test3 -->
        <test-method is-config="true" signature="tearDown()[pri:0, instance:com.questyAutomation.testcases.Sampletest2@3754a4bf]" started-at="2022-11-22T16:25:03 IST" name="tearDown" finished-at="2022-11-22T16:25:04 IST" duration-ms="303" status="PASS">
          <reporter-output>
          </reporter-output>
        </test-method> <!-- tearDown -->
      </class> <!-- com.questyAutomation.testcases.Sampletest2 -->
    </test> <!-- IE Test -->
    <test started-at="2022-11-22T16:23:04 IST" name="Chrome Test" finished-at="2022-11-22T16:25:30 IST" duration-ms="145999">
      <class name="com.questyAutomation.testcases.Sampletest2">
        <test-method is-config="true" signature="setUp(java.lang.String,java.lang.String,java.lang.String)[pri:0, instance:com.questyAutomation.testcases.Sampletest2@223d2c72]" started-at="2022-11-22T16:23:05 IST" name="setUp" finished-at="2022-11-22T16:23:32 IST" duration-ms="27514" status="PASS">
          <params>
            <param index="0">
              <value>
                <![CDATA[chrome]]>
              </value>
            </param>
            <param index="1">
              <value>
                <![CDATA[107.0]]>
              </value>
            </param>
            <param index="2">
              <value>
                <![CDATA[WIN10]]>
              </value>
            </param>
          </params>
          <reporter-output>
          </reporter-output>
        </test-method> <!-- setUp -->
        <test-method signature="test()[pri:0, instance:com.questyAutomation.testcases.Sampletest2@223d2c72]" started-at="2022-11-22T16:23:32 IST" name="test" finished-at="2022-11-22T16:23:39 IST" duration-ms="7222" status="PASS">
          <reporter-output>
          </reporter-output>
        </test-method> <!-- test -->
        <test-method is-config="true" signature="tearDown()[pri:0, instance:com.questyAutomation.testcases.Sampletest2@223d2c72]" started-at="2022-11-22T16:23:39 IST" name="tearDown" finished-at="2022-11-22T16:23:40 IST" duration-ms="405" status="PASS">
          <reporter-output>
          </reporter-output>
        </test-method> <!-- tearDown -->
        <test-method is-config="true" signature="setUp(java.lang.String,java.lang.String,java.lang.String)[pri:0, instance:com.questyAutomation.testcases.Sampletest2@223d2c72]" started-at="2022-11-22T16:23:40 IST" name="setUp" finished-at="2022-11-22T16:24:11 IST" duration-ms="31102" status="PASS">
          <params>
            <param index="0">
              <value>
                <![CDATA[chrome]]>
              </value>
            </param>
            <param index="1">
              <value>
                <![CDATA[107.0]]>
              </value>
            </param>
            <param index="2">
              <value>
                <![CDATA[WIN10]]>
              </value>
            </param>
          </params>
          <reporter-output>
          </reporter-output>
        </test-method> <!-- setUp -->
        <test-method signature="test2()[pri:0, instance:com.questyAutomation.testcases.Sampletest2@223d2c72]" started-at="2022-11-22T16:24:11 IST" name="test2" finished-at="2022-11-22T16:24:33 IST" duration-ms="21885" status="PASS">
          <reporter-output>
          </reporter-output>
        </test-method> <!-- test2 -->
        <test-method is-config="true" signature="tearDown()[pri:0, instance:com.questyAutomation.testcases.Sampletest2@223d2c72]" started-at="2022-11-22T16:24:33 IST" name="tearDown" finished-at="2022-11-22T16:24:33 IST" duration-ms="377" status="PASS">
          <reporter-output>
          </reporter-output>
        </test-method> <!-- tearDown -->
        <test-method is-config="true" signature="setUp(java.lang.String,java.lang.String,java.lang.String)[pri:0, instance:com.questyAutomation.testcases.Sampletest2@223d2c72]" started-at="2022-11-22T16:24:33 IST" name="setUp" finished-at="2022-11-22T16:25:12 IST" duration-ms="38703" status="PASS">
          <params>
            <param index="0">
              <value>
                <![CDATA[chrome]]>
              </value>
            </param>
            <param index="1">
              <value>
                <![CDATA[107.0]]>
              </value>
            </param>
            <param index="2">
              <value>
                <![CDATA[WIN10]]>
              </value>
            </param>
          </params>
          <reporter-output>
          </reporter-output>
        </test-method> <!-- setUp -->
        <test-method signature="test3()[pri:0, instance:com.questyAutomation.testcases.Sampletest2@223d2c72]" started-at="2022-11-22T16:25:12 IST" name="test3" finished-at="2022-11-22T16:25:30 IST" duration-ms="18377" status="PASS">
          <reporter-output>
          </reporter-output>
        </test-method> <!-- test3 -->
        <test-method is-config="true" signature="tearDown()[pri:0, instance:com.questyAutomation.testcases.Sampletest2@223d2c72]" started-at="2022-11-22T16:25:30 IST" name="tearDown" finished-at="2022-11-22T16:25:30 IST" duration-ms="367" status="PASS">
          <reporter-output>
          </reporter-output>
        </test-method> <!-- tearDown -->
      </class> <!-- com.questyAutomation.testcases.Sampletest2 -->
    </test> <!-- Chrome Test -->
  </suite> <!-- SampleJavaProject -->
</testng-results>
